[WARNING]: Invalid characters were found in group names but not replaced, use
-vvvv to see details
[WARNING]: Found both group and host with same name: vm-609

PLAY [One-Touch vuSmartMaps Installation] **************************************

TASK [Gathering Facts] *********************************************************
ok: [vm-609]

TASK [vusmartmaps : Update /etc/hosts for Datahub] *****************************
changed: [vm-609]

TASK [vusmartmaps : Create 'vunet' group] **************************************
ok: [vm-609]

TASK [vusmartmaps : Create 'vunet' user] ***************************************
changed: [vm-609]

TASK [vusmartmaps : Fetch public keys from all nodes] **************************
ok: [vm-609]

TASK [vusmartmaps : Add public keys to authorized_keys on all nodes] ***********
changed: [vm-609] => (item=vm-609)

TASK [vusmartmaps : Setup SSH known_hosts for internal access] *****************
ok: [vm-609] => (item=vm-609)

TASK [vusmartmaps : Ensure correct permissions on .ssh] ************************
changed: [vm-609]

TASK [vusmartmaps : Create Data Directory] *************************************
changed: [vm-609]

TASK [vusmartmaps : Apply Sysctl settings] *************************************
changed: [vm-609] => (item=fs.inotify.max_user_watches)
changed: [vm-609] => (item=fs.inotify.max_user_instances)
changed: [vm-609] => (item=fs.inotify.max_queued_events)

TASK [vusmartmaps : Copy and Configure Sizing Template for 3Node 3.0] **********
skipping: [vm-609]

TASK [vusmartmaps : Copy and Configure Sizing Template for 3.0] ****************
changed: [vm-609]

TASK [vusmartmaps : Copy and Configure Sizing Template for 2.16] ***************
skipping: [vm-609]

TASK [vusmartmaps : Copy and Configure Sizing Template for 2.15] ***************
skipping: [vm-609]

TASK [vusmartmaps : Download vuSmartMaps Tarball] ******************************
changed: [vm-609]
[WARNING]: Consider using the get_url or uri module rather than running 'wget'.
If you need to use command because get_url or uri is insufficient you can add
'warn: false' to this command task or set 'command_warnings=False' in
ansible.cfg to get rid of this message.

TASK [vusmartmaps : Log download status] ***************************************
ok: [vm-609] => {
    "msg": "Download task completed. Last 20 lines of wget output shown above."
}

TASK [vusmartmaps : Extract Tarball] *******************************************
changed: [vm-609]

TASK [vusmartmaps : Log extraction status] *************************************
changed: [vm-609]

TASK [vusmartmaps : Determine expected final target directory] *****************
ok: [vm-609]

TASK [vusmartmaps : Check if expected final target directory exists] ***********
ok: [vm-609]

TASK [vusmartmaps : Set final_target_dir (fallback to target_dir if missing)] ***
ok: [vm-609]

TASK [vusmartmaps : Run Installer] *********************************************
fatal: [vm-609]: FAILED! => {"changed": false, "msg": "async task did not complete within the requested time - 3600s"}

PLAY RECAP *********************************************************************
vm-609                     : ok=18   changed=10   unreachable=0    failed=1    skipped=3    rescued=0    ignored=0   

